\BOOKMARK [1][-]{section.1}{\376\377\000B\036\243\000n\000g\000\040\000p\000h\000\342\000n\000\040\000c\000\364\000n\000g}{}% 1
\BOOKMARK [1][-]{section.2}{\376\377\000M\000\364\000\040\000t\036\243\000\040\001\021\036\323\000\040\000\341\000n}{}% 2
\BOOKMARK [2][-]{subsection.2.1}{\376\377\000D\036\253\000n\000\040\000n\000h\036\255\000p}{section.2}% 3
\BOOKMARK [2][-]{subsection.2.2}{\376\377\000Y\000\352\000u\000\040\000c\036\247\000u\000\040\001\021\036\323\000\040\000\341\000n}{section.2}% 4
\BOOKMARK [1][-]{section.3}{\376\377\000H\001\260\036\333\000n\000g\000\040\000d\036\253\000n\000\040\000s\036\355\000\040\000d\036\345\000n\000g\000\040\000c\000h\001\260\001\241\000n\000g\000\040\000t\000r\000\354\000n\000h}{}% 5
\BOOKMARK [1][-]{section.4}{\376\377\000X\000\342\000y\000\040\000d\036\361\000n\000g\000\040\000c\036\245\000u\000\040\000t\000r\000\372\000c\000\040\000c\000h\001\260\001\241\000n\000g\000\040\000t\000r\000\354\000n\000h}{}% 6
\BOOKMARK [2][-]{subsection.4.1}{\376\377\000H\000a\000i\000\040\000c\000l\000a\000s\000s\000\040\000t\000r\036\353\000u\000\040\000t\001\260\036\343\000n\000g\000\040\000\050\000A\000b\000s\000t\000r\000a\000c\000t\000\040\000C\000l\000a\000s\000s\000\051}{section.4}% 7
\BOOKMARK [2][-]{subsection.4.2}{\376\377\000C\000l\000a\000s\000s\000\040\000P\000r\000i\000o\000r\000i\000t\000y\000Q\000u\000e\000u\000e}{section.4}% 8
\BOOKMARK [2][-]{subsection.4.3}{\376\377\000C\000\341\000c\000\040\000c\000l\000a\000s\000s\000\040\000k\036\277\000\040\000t\000h\036\353\000a\000\040\000S\000o\000l\000u\000t\000i\000o\000n}{section.4}% 9
\BOOKMARK [3][-]{subsubsection.4.3.1}{\376\377\000B\000r\000e\000a\000d\000t\000h\000F\000i\000r\000s\000t\000S\000e\000a\000r\000c\000h}{subsection.4.3}% 10
\BOOKMARK [3][-]{subsubsection.4.3.2}{\376\377\000D\000e\000p\000t\000h\000F\000i\000r\000s\000t\000S\000e\000a\000r\000c\000h}{subsection.4.3}% 11
\BOOKMARK [3][-]{subsubsection.4.3.3}{\376\377\000A\000*}{subsection.4.3}% 12
\BOOKMARK [3][-]{subsubsection.4.3.4}{\376\377\000G\000r\000e\000e\000d\000y\000B\000e\000s\000t\000F\000i\000r\000s\000t\000S\000e\000a\000r\000c\000h}{subsection.4.3}% 13
\BOOKMARK [2][-]{subsection.4.4}{\376\377\000P\000h\000\342\000n\000\040\000t\000\355\000c\000h\000\040\000c\036\245\000u\000\040\000t\000r\000\372\000c\000\040\000b\000\340\000i\000\040\000t\000o\000\341\000n}{section.4}% 14
\BOOKMARK [2][-]{subsection.4.5}{\376\377\000C\000h\000i\000\040\000t\000i\036\277\000t\000\040\000c\000\341\000c\000h\000\040\000p\000h\000\341\000t\000\040\000s\000i\000n\000h\000\040\000\364\000\040\000k\036\277\000\040\000n\000h\000i\036\307\000m\000\040\000v\000\340\000\040\000c\000h\000i\000\040\000p\000h\000\355}{section.4}% 15
\BOOKMARK [1][-]{section.5}{\376\377\000C\001\241\000\040\000s\036\337\000\040\000l\000\375\000\040\000t\000h\000u\000y\036\277\000t\000\040\000c\036\347\000a\000\040\000t\000\355\000n\000h\000\040\000t\036\321\000i\000\040\001\260\000u\000\040\000v\000\340\000\040\001\021\036\247\000y\000\040\001\021\036\347}{}% 16
\BOOKMARK [2][-]{subsection.5.1}{\376\377\000T\000\355\000n\000h\000\040\001\021\036\247\000y\000\040\001\021\036\347}{section.5}% 17
\BOOKMARK [2][-]{subsection.5.2}{\376\377\000T\000\355\000n\000h\000\040\000t\036\321\000i\000\040\001\260\000u}{section.5}% 18
\BOOKMARK [2][-]{subsection.5.3}{\376\377\000B\000F\000S\000\040\000v\000\340\000\040\000U\000C\000S}{section.5}% 19
\BOOKMARK [2][-]{subsection.5.4}{\376\377\000D\000F\000S\000\040\000v\000\340\000\040\000B\000e\000s\000t\000F\000i\000r\000s\000t\000S\000e\000a\000r\000c\000h}{section.5}% 20
\BOOKMARK [2][-]{subsection.5.5}{\376\377\000A\000*}{section.5}% 21
\BOOKMARK [1][-]{section.6}{\376\377\001\020\000\341\000n\000h\000\040\000g\000i\000\341\000\040\000t\000h\036\361\000c\000\040\000n\000g\000h\000i\036\307\000m}{}% 22
\BOOKMARK [2][-]{subsection.6.1}{\376\377\000G\000i\000a\000o\000\040\000d\000i\036\307\000n\000\040\000k\036\277\000t\000\040\000q\000u\036\243}{section.6}% 23
\BOOKMARK [2][-]{subsection.6.2}{\376\377\000B\036\243\000n\000\040\001\021\036\323\000\040\000k\000h\000\364\000n\000g\000\040\000c\000\363\000\040\001\021\000i\036\303\000m\000\040\000t\000h\001\260\036\337\000n\000g}{section.6}% 24
\BOOKMARK [1][-]{section.7}{\376\377\000B\036\243\000n\000\040\001\021\036\323\000\040\000c\000\363\000\040\001\021\000i\036\303\000m\000\040\000t\000h\001\260\036\337\000n\000g}{}% 25
\BOOKMARK [2][-]{subsection.7.1}{\376\377\001\020\000\341\000n\000h\000\040\000g\000i\000\341\000\040\000t\000h\036\361\000c\000\040\000n\000g\000h\000i\036\307\000m}{section.7}% 26
